<?xml version="1.0" encoding="UTF-8"?>
<!-- Generated by org.testng.reporters.JUnitXMLReporter -->
<testsuite ignored="0" hostname="kalpesh16" failures="0" tests="4" name="Default test" time="24.933" errors="0" timestamp="2022-05-17T12:33:51 IST">
  <testcase classname="com.bridgelabz.AppiumCalculaterAutomation.CalculaterTests" name="addition" time="2.159"/>
  <testcase classname="com.bridgelabz.AppiumCalculaterAutomation.CalculaterTests" name="subtraction" time="3.088"/>
  <testcase classname="com.bridgelabz.AppiumCalculaterAutomation.CalculaterTests" name="multiply" time="2.998"/>
  <testcase classname="com.bridgelabz.AppiumCalculaterAutomation.CalculaterTests" name="division" time="3.011"/>
</testsuite> <!-- Default test -->
