<?xml version="1.0" encoding="UTF-8"?>
<testng-results ignored="0" total="4" passed="4" failed="0" skipped="0">
  <reporter-output>
  </reporter-output>
  <suite started-at="2022-05-17T12:33:26 IST" name="Default suite" finished-at="2022-05-17T12:33:51 IST" duration-ms="24933">
    <groups>
    </groups>
    <test started-at="2022-05-17T12:33:26 IST" name="Default test" finished-at="2022-05-17T12:33:51 IST" duration-ms="24933">
      <class name="com.bridgelabz.AppiumCalculaterAutomation.CalculaterTests">
        <test-method is-config="true" signature="launchBrowser()[pri:0, instance:com.bridgelabz.AppiumCalculaterAutomation.CalculaterTests@6a28ffa4]" started-at="2022-05-17T12:33:26 IST" name="launchBrowser" finished-at="2022-05-17T12:33:38 IST" duration-ms="12250" status="PASS">
          <reporter-output>
          </reporter-output>
        </test-method> <!-- launchBrowser -->
        <test-method signature="addition()[pri:1, instance:com.bridgelabz.AppiumCalculaterAutomation.CalculaterTests@6a28ffa4]" started-at="2022-05-17T12:33:38 IST" name="addition" finished-at="2022-05-17T12:33:40 IST" duration-ms="2159" status="PASS">
          <reporter-output>
          </reporter-output>
        </test-method> <!-- addition -->
        <test-method signature="subtraction()[pri:2, instance:com.bridgelabz.AppiumCalculaterAutomation.CalculaterTests@6a28ffa4]" started-at="2022-05-17T12:33:40 IST" name="subtraction" finished-at="2022-05-17T12:33:43 IST" duration-ms="3088" status="PASS">
          <reporter-output>
          </reporter-output>
        </test-method> <!-- subtraction -->
        <test-method signature="multiply()[pri:3, instance:com.bridgelabz.AppiumCalculaterAutomation.CalculaterTests@6a28ffa4]" started-at="2022-05-17T12:33:43 IST" name="multiply" finished-at="2022-05-17T12:33:46 IST" duration-ms="2998" status="PASS">
          <reporter-output>
          </reporter-output>
        </test-method> <!-- multiply -->
        <test-method signature="division()[pri:4, instance:com.bridgelabz.AppiumCalculaterAutomation.CalculaterTests@6a28ffa4]" started-at="2022-05-17T12:33:46 IST" name="division" finished-at="2022-05-17T12:33:49 IST" duration-ms="3011" status="PASS">
          <reporter-output>
          </reporter-output>
        </test-method> <!-- division -->
        <test-method is-config="true" signature="terminate()[pri:0, instance:com.bridgelabz.AppiumCalculaterAutomation.CalculaterTests@6a28ffa4]" started-at="2022-05-17T12:33:49 IST" name="terminate" finished-at="2022-05-17T12:33:51 IST" duration-ms="1321" status="PASS">
          <reporter-output>
          </reporter-output>
        </test-method> <!-- terminate -->
      </class> <!-- com.bridgelabz.AppiumCalculaterAutomation.CalculaterTests -->
    </test> <!-- Default test -->
  </suite> <!-- Default suite -->
</testng-results>
